{
  "RSpec": {
    "coverage": {
      "/Users/mosesosho/bank_tech_test/spec/bank_account_spec.rb": {
        "lines": [
          1,
          null,
          1,
          11,
          11,
          11,
          11,
          11,
          null,
          1,
          1,
          1,
          null,
          1,
          1,
          null,
          null,
          null,
          1,
          1,
          3,
          null,
          1,
          1,
          null,
          1,
          1,
          null,
          null,
          1,
          1,
          null,
          null,
          null,
          1,
          1,
          3,
          3,
          null,
          1,
          1,
          null,
          1,
          1,
          null,
          null,
          1,
          1,
          null,
          null,
          null,
          1,
          1,
          2,
          2,
          null,
          null,
          null,
          null,
          1,
          1,
          1,
          1,
          1,
          null,
          null,
          null
        ]
      },
      "/Users/mosesosho/bank_tech_test/lib/bank_account.rb": {
        "lines": [
          1,
          1,
          null,
          1,
          1,
          null,
          1,
          null,
          1,
          10,
          10,
          10,
          10,
          null,
          null,
          1,
          7,
          null,
          null,
          1,
          4,
          3,
          null,
          null,
          1,
          1,
          1,
          null,
          null,
          null,
          1,
          10,
          10,
          10,
          null,
          null,
          null,
          1,
          10,
          10,
          null,
          null,
          null
        ]
      },
      "/Users/mosesosho/bank_tech_test/lib/transaction.rb": {
        "lines": [
          null,
          1,
          1,
          null,
          1,
          4,
          4,
          4,
          4,
          null,
          null
        ]
      },
      "/Users/mosesosho/bank_tech_test/lib/printer.rb": {
        "lines": [
          1,
          1,
          2,
          5,
          null,
          null,
          null,
          1,
          2,
          null,
          null
        ]
      },
      "/Users/mosesosho/bank_tech_test/spec/integration/integration_spec.rb": {
        "lines": [

        ]
      },
      "/Users/mosesosho/bank_tech_test/spec/printer_spec.rb": {
        "lines": [
          1,
          null,
          1,
          3,
          3,
          2,
          null,
          1,
          1,
          1,
          1,
          1,
          1,
          2,
          null,
          null,
          1,
          1,
          1,
          1,
          1,
          1,
          2,
          null,
          null,
          null,
          null
        ]
      },
      "/Users/mosesosho/bank_tech_test/spec/transaction_spec.rb": {
        "lines": [
          1,
          null,
          1,
          5,
          null,
          1,
          1,
          1,
          null,
          1,
          1,
          null,
          1,
          1,
          null,
          1,
          1,
          null,
          null,
          null
        ]
      }
    },
    "timestamp": 1666788158
  }
}
